11/24/2025 19:45:59 [Project.Client.Client] ([32mINFO[0m):
> Client Created
11/24/2025 19:45:59 [Project.Client.Client] ([32mINFO[0m):
> Client starting
11/24/2025 19:45:59 [Project.Client.Client] ([32mINFO[0m):
> Waiting for input
11/24/2025 19:46:07 [Project.Client.Client] ([32mINFO[0m):
> [0;33mName set to Bryan[0m
11/24/2025 19:46:49 [Project.Client.Client] ([32mINFO[0m):
> Client connected
11/24/2025 19:46:49 [Project.Client.Client] ([32mINFO[0m):
> [0;32mConnected[0m
11/24/2025 19:46:49 [Project.Client.Client] ([32mINFO[0m):
> [0;34mRoom[lobby] You joined the room[0m
11/24/2025 19:47:02 [Project.Client.Client] ([32mINFO[0m):
> [0;34mRoom[lobby] Alex#2 joined the room[0m
11/24/2025 19:47:12 [Project.Client.Client] ([32mINFO[0m):
> [0;34mRoom[lobby] Ben#3 joined the room[0m
11/24/2025 19:47:18 [Project.Client.Client] ([32mINFO[0m):
> [0;34mRoom[lobby]: Bryan#1 is ready.[0m
11/24/2025 19:47:21 [Project.Client.Client] ([32mINFO[0m):
> [0;34mRoom[lobby]: Alex#2 is ready.[0m
11/24/2025 19:47:24 [Project.Client.Client] ([32mINFO[0m):
> [0;34mRoom[lobby]: Ben#3 is ready.[0m
11/24/2025 19:47:24 [Project.Client.Client] ([32mINFO[0m):
> [0;34mRoom[lobby]: All players ready! Session starting.[0m
11/24/2025 19:47:24 [Project.Client.Client] ([32mINFO[0m):
> [0;35mRound Started! Type /pick [r|p|s][0m
11/24/2025 19:47:54 [Project.Client.Client] ([32mINFO[0m):
> [0;34mRoom[lobby]: Bryan#1 eliminated for not picking.[0m
11/24/2025 19:47:54 [Project.Client.Client] ([32mINFO[0m):
> [0;34mRoom[lobby]: Alex#2 eliminated for not picking.[0m
11/24/2025 19:47:54 [Project.Client.Client] ([32mINFO[0m):
> [0;34mRoom[lobby]: Ben#3 eliminated for not picking.[0m
11/24/2025 19:47:54 [Project.Client.Client] ([32mINFO[0m):
> [0;35mGame Over! It's a Tie!
Final Scores:
Bryan#1: 0
Alex#2: 0
Ben#3: 0
[0m
11/24/2025 19:47:54 [Project.Client.Client] ([32mINFO[0m):
> [0;34mRoom[lobby]: Session ended. Type /ready to start a new game.[0m
11/24/2025 19:49:43 [Project.Client.Client] ([32mINFO[0m):
> [0;34mRoom[lobby]: Bryan#1 is ready.[0m
11/24/2025 19:49:47 [Project.Client.Client] ([32mINFO[0m):
> [0;34mRoom[lobby]: Alex#2 is ready.[0m
11/24/2025 19:49:55 [Project.Client.Client] ([32mINFO[0m):
> [0;34mRoom[lobby]: Ben#3 is ready.[0m
11/24/2025 19:49:55 [Project.Client.Client] ([32mINFO[0m):
> [0;34mRoom[lobby]: All players ready! Session starting.[0m
11/24/2025 19:49:55 [Project.Client.Client] ([32mINFO[0m):
> [0;35mRound Started! Type /pick [r|p|s][0m
11/24/2025 19:49:59 [Project.Client.Client] ([32mINFO[0m):
> [0;34mRoom[lobby]: Bryan#1 picked their choice.[0m
11/24/2025 19:50:04 [Project.Client.Client] ([32mINFO[0m):
> [0;34mRoom[lobby]: Alex#2 picked their choice.[0m
11/24/2025 19:50:09 [Project.Client.Client] ([32mINFO[0m):
> [0;34mRoom[lobby]: Ben#3 picked their choice.[0m
11/24/2025 19:50:09 [Project.Client.Client] ([32mINFO[0m):
> [0;35mBryan#1 (r) vs Alex#2 (p): Alex#2 wins!
Alex#2 (p) vs Ben#3 (s): Ben#3 wins!
Ben#3 (s) vs Bryan#1 (r): Bryan#1 wins!
[0m
11/24/2025 19:50:09 [Project.Client.Client] ([32mINFO[0m):
> [0;35mGame Over! It's a Tie!
Final Scores:
Bryan#1: 1
Alex#2: 1
Ben#3: 1
[0m
11/24/2025 19:50:09 [Project.Client.Client] ([32mINFO[0m):
> [0;34mRoom[lobby]: Session ended. Type /ready to start a new game.[0m
11/24/2025 19:50:35 [Project.Client.Client] ([32mINFO[0m):
> [0;34mRoom[lobby]: Bryan#1 is ready.[0m
11/24/2025 19:50:39 [Project.Client.Client] ([32mINFO[0m):
> [0;34mRoom[lobby]: Alex#2 is ready.[0m
11/24/2025 19:50:43 [Project.Client.Client] ([32mINFO[0m):
> [0;34mRoom[lobby]: Ben#3 is ready.[0m
11/24/2025 19:50:43 [Project.Client.Client] ([32mINFO[0m):
> [0;34mRoom[lobby]: All players ready! Session starting.[0m
11/24/2025 19:50:43 [Project.Client.Client] ([32mINFO[0m):
> [0;35mRound Started! Type /pick [r|p|s][0m
11/24/2025 19:50:49 [Project.Client.Client] ([32mINFO[0m):
> [0;34mRoom[lobby]: Bryan#1 picked their choice.[0m
11/24/2025 19:50:55 [Project.Client.Client] ([32mINFO[0m):
> [0;34mRoom[lobby]: Alex#2 picked their choice.[0m
11/24/2025 19:50:59 [Project.Client.Client] ([32mINFO[0m):
> [0;34mRoom[lobby]: Ben#3 picked their choice.[0m
11/24/2025 19:50:59 [Project.Client.Client] ([32mINFO[0m):
> [0;35mBryan#1 (r) vs Alex#2 (s): Bryan#1 wins!
Alex#2 (s) vs Ben#3 (s): Tie!
Ben#3 (s) vs Bryan#1 (r): Bryan#1 wins!
[0m
11/24/2025 19:50:59 [Project.Client.Client] ([32mINFO[0m):
> [0;35mGame Over! Winner: Bryan#1
Final Scores:
Bryan#1: 2
Alex#2: 0
Ben#3: 0
[0m
11/24/2025 19:50:59 [Project.Client.Client] ([32mINFO[0m):
> [0;34mRoom[lobby]: Session ended. Type /ready to start a new game.[0m
